[2024-11-09 12:18:36,808: INFO  main: stage Data ingestion stage started]
[2024-11-09 12:18:36,808: INFO  common: yaml file config\config.yaml loaded succesfully]
[2024-11-09 12:18:36,808: INFO  common: yaml file params.yaml loaded succesfully]
[2024-11-09 12:18:36,808: INFO  common: yaml file schema.yaml loaded succesfully]
[2024-11-09 12:18:36,808: INFO  common: created directory at: artifacts]
[2024-11-09 12:18:36,808: INFO  common: created directory at: artifacts/data_ingestion]
[2024-11-09 12:18:42,880: INFO  data_ingestion: artifacts/data_ingestion/data.zip download! with following info: 
Connection: close
Content-Length: 23329
Cache-Control: max-age=300
Content-Security-Policy: default-src 'none'; style-src 'unsafe-inline'; sandbox
Content-Type: application/zip
ETag: "c69888a4ae59bc5a893392785a938ccd4937981c06ba8a9d6a21aa52b4ab5b6e"
Strict-Transport-Security: max-age=31536000
X-Content-Type-Options: nosniff
X-Frame-Options: deny
X-XSS-Protection: 1; mode=block
X-GitHub-Request-Id: 99FE:DAA91:31951F:3DD8F6:672F0563
Accept-Ranges: bytes
Date: Sat, 09 Nov 2024 06:48:43 GMT
Via: 1.1 varnish
X-Served-By: cache-hyd1100033-HYD
X-Cache: HIT
X-Cache-Hits: 0
X-Timer: S1731134923.999123,VS0,VE1
Vary: Authorization,Accept-Encoding,Origin
Access-Control-Allow-Origin: *
Cross-Origin-Resource-Policy: cross-origin
X-Fastly-Request-ID: 237b2237015a4758f74ede021e00a48b79f270fc
Expires: Sat, 09 Nov 2024 06:53:43 GMT
Source-Age: 102

]
[2024-11-09 12:18:42,901: INFO  main: Data ingestion stage compelted]
